2023-03-13 09:33:49,846 [DEBUG] io.netty.util.internal.logging.InternalLoggerFactory  - Using Log4J as the default logging framework
2023-03-13 09:33:49,850 [DEBUG] io.netty.util.ResourceLeakDetector  - -Dio.netty.leakDetection.level: simple
2023-03-13 09:33:49,850 [DEBUG] io.netty.util.ResourceLeakDetector  - -Dio.netty.leakDetection.targetRecords: 4
2023-03-13 09:33:49,853 [DEBUG] io.netty.util.ResourceLeakDetectorFactory  - Loaded default ResourceLeakDetector: io.netty.util.ResourceLeakDetector@2a798d51
2023-03-13 09:33:49,877 [DEBUG] io.netty.util.internal.PlatformDependent0  - -Dio.netty.noUnsafe: false
2023-03-13 09:33:49,877 [DEBUG] io.netty.util.internal.PlatformDependent0  - Java version: 8
2023-03-13 09:33:49,880 [DEBUG] io.netty.util.internal.PlatformDependent0  - sun.misc.Unsafe.theUnsafe: available
2023-03-13 09:33:49,881 [DEBUG] io.netty.util.internal.PlatformDependent0  - sun.misc.Unsafe.copyMemory: available
2023-03-13 09:33:49,882 [DEBUG] io.netty.util.internal.PlatformDependent0  - sun.misc.Unsafe.storeFence: available
2023-03-13 09:33:49,882 [DEBUG] io.netty.util.internal.PlatformDependent0  - java.nio.Buffer.address: available
2023-03-13 09:33:49,882 [DEBUG] io.netty.util.internal.PlatformDependent0  - direct buffer constructor: available
2023-03-13 09:33:49,883 [DEBUG] io.netty.util.internal.PlatformDependent0  - java.nio.Bits.unaligned: available, true
2023-03-13 09:33:49,883 [DEBUG] io.netty.util.internal.PlatformDependent0  - jdk.internal.misc.Unsafe.allocateUninitializedArray(int): unavailable prior to Java9
2023-03-13 09:33:49,883 [DEBUG] io.netty.util.internal.PlatformDependent0  - java.nio.DirectByteBuffer.<init>(long, int): available
2023-03-13 09:33:49,883 [DEBUG] io.netty.util.internal.PlatformDependent  - sun.misc.Unsafe: available
2023-03-13 09:33:49,883 [DEBUG] io.netty.util.internal.PlatformDependent  - -Dio.netty.tmpdir: C:\Users\SAHILS~1\AppData\Local\Temp (java.io.tmpdir)
2023-03-13 09:33:49,883 [DEBUG] io.netty.util.internal.PlatformDependent  - -Dio.netty.bitMode: 64 (sun.arch.data.model)
2023-03-13 09:33:49,884 [DEBUG] io.netty.util.internal.PlatformDependent  - Platform: Windows
2023-03-13 09:33:49,884 [DEBUG] io.netty.util.internal.PlatformDependent  - -Dio.netty.maxDirectMemory: 1854930944 bytes
2023-03-13 09:33:49,884 [DEBUG] io.netty.util.internal.PlatformDependent  - -Dio.netty.uninitializedArrayAllocationThreshold: -1
2023-03-13 09:33:49,885 [DEBUG] io.netty.util.internal.CleanerJava6  - java.nio.ByteBuffer.cleaner(): available
2023-03-13 09:33:49,885 [DEBUG] io.netty.util.internal.PlatformDependent  - -Dio.netty.noPreferDirect: false
2023-03-13 09:33:49,892 [DEBUG] io.netty.util.internal.PlatformDependent  - org.jctools-core.MpscChunkedArrayQueue: available
2023-03-13 09:33:49,908 [DEBUG] io.netty.util.internal.InternalThreadLocalMap  - -Dio.netty.threadLocalMap.stringBuilder.initialSize: 1024
2023-03-13 09:33:49,908 [DEBUG] io.netty.util.internal.InternalThreadLocalMap  - -Dio.netty.threadLocalMap.stringBuilder.maxSize: 4096
2023-03-13 09:33:50,230 [DEBUG] io.netty.handler.ssl.JdkSslContext  - Default protocols (JDK): [TLSv1.2, TLSv1.1, TLSv1] 
2023-03-13 09:33:50,230 [DEBUG] io.netty.handler.ssl.JdkSslContext  - Default cipher suites (JDK): [TLS_ECDHE_ECDSA_WITH_AES_256_GCM_SHA384, TLS_ECDHE_ECDSA_WITH_AES_128_GCM_SHA256, TLS_ECDHE_RSA_WITH_AES_128_GCM_SHA256, TLS_ECDHE_RSA_WITH_AES_256_GCM_SHA384, TLS_ECDHE_RSA_WITH_AES_128_CBC_SHA, TLS_ECDHE_RSA_WITH_AES_256_CBC_SHA, TLS_RSA_WITH_AES_128_GCM_SHA256, TLS_RSA_WITH_AES_128_CBC_SHA, TLS_RSA_WITH_AES_256_CBC_SHA]
2023-03-13 09:33:50,252 [DEBUG] io.netty.channel.MultithreadEventLoopGroup  - -Dio.netty.eventLoopThreads: 8
2023-03-13 09:33:50,263 [DEBUG] io.netty.channel.nio.NioEventLoop  - -Dio.netty.noKeySetOptimization: false
2023-03-13 09:33:50,263 [DEBUG] io.netty.channel.nio.NioEventLoop  - -Dio.netty.selectorAutoRebuildThreshold: 512
2023-03-13 09:33:50,302 [DEBUG] io.netty.buffer.PooledByteBufAllocator  - -Dio.netty.allocator.numHeapArenas: 8
2023-03-13 09:33:50,302 [DEBUG] io.netty.buffer.PooledByteBufAllocator  - -Dio.netty.allocator.numDirectArenas: 8
2023-03-13 09:33:50,302 [DEBUG] io.netty.buffer.PooledByteBufAllocator  - -Dio.netty.allocator.pageSize: 8192
2023-03-13 09:33:50,302 [DEBUG] io.netty.buffer.PooledByteBufAllocator  - -Dio.netty.allocator.maxOrder: 9
2023-03-13 09:33:50,302 [DEBUG] io.netty.buffer.PooledByteBufAllocator  - -Dio.netty.allocator.chunkSize: 4194304
2023-03-13 09:33:50,302 [DEBUG] io.netty.buffer.PooledByteBufAllocator  - -Dio.netty.allocator.smallCacheSize: 256
2023-03-13 09:33:50,302 [DEBUG] io.netty.buffer.PooledByteBufAllocator  - -Dio.netty.allocator.normalCacheSize: 64
2023-03-13 09:33:50,302 [DEBUG] io.netty.buffer.PooledByteBufAllocator  - -Dio.netty.allocator.maxCachedBufferCapacity: 32768
2023-03-13 09:33:50,302 [DEBUG] io.netty.buffer.PooledByteBufAllocator  - -Dio.netty.allocator.cacheTrimInterval: 8192
2023-03-13 09:33:50,302 [DEBUG] io.netty.buffer.PooledByteBufAllocator  - -Dio.netty.allocator.cacheTrimIntervalMillis: 0
2023-03-13 09:33:50,302 [DEBUG] io.netty.buffer.PooledByteBufAllocator  - -Dio.netty.allocator.useCacheForAllThreads: false
2023-03-13 09:33:50,302 [DEBUG] io.netty.buffer.PooledByteBufAllocator  - -Dio.netty.allocator.maxCachedByteBuffersPerChunk: 1023
2023-03-13 09:33:50,312 [DEBUG] io.netty.buffer.ByteBufUtil  - -Dio.netty.allocator.type: pooled
2023-03-13 09:33:50,312 [DEBUG] io.netty.buffer.ByteBufUtil  - -Dio.netty.threadLocalDirectBufferSize: 0
2023-03-13 09:33:50,312 [DEBUG] io.netty.buffer.ByteBufUtil  - -Dio.netty.maxThreadLocalCharBufferSize: 16384
2023-03-13 09:33:51,228 [DEBUG] io.netty.channel.DefaultChannelId  - -Dio.netty.processId: 11096 (auto-detected)
2023-03-13 09:33:51,230 [DEBUG] io.netty.util.NetUtil  - -Djava.net.preferIPv4Stack: false
2023-03-13 09:33:51,230 [DEBUG] io.netty.util.NetUtil  - -Djava.net.preferIPv6Addresses: false
2023-03-13 09:33:51,367 [DEBUG] io.netty.util.NetUtilInitializations  - Loopback interface: lo (Software Loopback Interface 1, 127.0.0.1)
2023-03-13 09:33:51,368 [DEBUG] io.netty.util.NetUtil  - Failed to get SOMAXCONN from sysctl and file \proc\sys\net\core\somaxconn. Default: 200
2023-03-13 09:33:51,517 [DEBUG] io.netty.channel.DefaultChannelId  - -Dio.netty.machineId: a4:97:b1:ff:fe:cd:78:df (auto-detected)
2023-03-13 09:33:51,561 [DEBUG] io.netty.buffer.AbstractByteBuf  - -Dio.netty.buffer.checkAccessible: true
2023-03-13 09:33:51,561 [DEBUG] io.netty.buffer.AbstractByteBuf  - -Dio.netty.buffer.checkBounds: true
2023-03-13 09:33:51,561 [DEBUG] io.netty.util.ResourceLeakDetectorFactory  - Loaded default ResourceLeakDetector: io.netty.util.ResourceLeakDetector@3c1d0a0c
2023-03-13 09:33:51,582 [DEBUG] io.netty.util.Recycler  - -Dio.netty.recycler.maxCapacityPerThread: 4096
2023-03-13 09:33:51,582 [DEBUG] io.netty.util.Recycler  - -Dio.netty.recycler.ratio: 8
2023-03-13 09:33:51,582 [DEBUG] io.netty.util.Recycler  - -Dio.netty.recycler.chunkSize: 32
2023-03-13 09:33:51,582 [DEBUG] io.netty.util.Recycler  - -Dio.netty.recycler.blocking: false
2023-03-13 09:33:52,571 [DEBUG] io.netty.handler.codec.compression.Brotli  - brotli4j not in the classpath; Brotli support will be unavailable.
2023-03-13 09:33:52,682 [DEBUG] io.netty.util.internal.ThreadLocalRandom  - -Dio.netty.initialSeedUniquifier: 0x52fd24bb3278e330
